<?xml version="1.0" encoding="UTF-8"?>
<!-- Generated by org.testng.reporters.JUnitXMLReporter -->
<testsuite hostname="II5MACMINI-04.local" ignored="0" name="TestOnIE" tests="1" failures="0" timestamp="14 Jun 2017 08:58:41 GMT" time="499.599" errors="0">
  <testcase name="@AfterMethod done" time="0.0" classname="crossBrowserTesting.CrossBrowserTestingTestNG">
    <failure type="org.openqa.selenium.WebDriverException" message="Unknown sessionId: 694c734b-fc61-4b20-8289-5ae7132998b5
Command duration or timeout: 545 milliseconds
Build info: version: &amp;apos;2.52.0&amp;apos;, revision: &amp;apos;4c2593cfc3689a7fcd7be52549167e5ccc93ad28&amp;apos;, time: &amp;apos;2016-02-11 11:22:43&amp;apos;
System info: host: &amp;apos;II5MACMINI-04.local&amp;apos;, ip: &amp;apos;10.50.249.64&amp;apos;, os.name: &amp;apos;Mac OS X&amp;apos;, os.arch: &amp;apos;x86_64&amp;apos;, os.version: &amp;apos;10.12.3&amp;apos;, java.version: &amp;apos;1.8.0_111&amp;apos;
Driver info: org.openqa.selenium.remote.RemoteWebDriver
Capabilities [{webdriver.remote.sessionid=694c734b-fc61-4b20-8289-5ae7132998b5, browserName=safari, takesScreenshot=true, javascriptEnabled=true, version=10.1.1, cssSelectorsEnabled=true, platform=MAC, secureSsl=true}]
Session ID: 694c734b-fc61-4b20-8289-5ae7132998b5">
      <![CDATA[org.openqa.selenium.WebDriverException: Unknown sessionId: 694c734b-fc61-4b20-8289-5ae7132998b5
Command duration or timeout: 545 milliseconds
Build info: version: '2.52.0', revision: '4c2593cfc3689a7fcd7be52549167e5ccc93ad28', time: '2016-02-11 11:22:43'
System info: host: 'II5MACMINI-04.local', ip: '10.50.249.64', os.name: 'Mac OS X', os.arch: 'x86_64', os.version: '10.12.3', java.version: '1.8.0_111'
Driver info: org.openqa.selenium.remote.RemoteWebDriver
Capabilities [{webdriver.remote.sessionid=694c734b-fc61-4b20-8289-5ae7132998b5, browserName=safari, takesScreenshot=true, javascriptEnabled=true, version=10.1.1, cssSelectorsEnabled=true, platform=MAC, secureSsl=true}]
Session ID: 694c734b-fc61-4b20-8289-5ae7132998b5
	at org.openqa.selenium.remote.ErrorHandler.createThrowable(ErrorHandler.java:206)
	at org.openqa.selenium.remote.ErrorHandler.throwIfResponseFailed(ErrorHandler.java:158)
	at org.openqa.selenium.remote.RemoteWebDriver.execute(RemoteWebDriver.java:678)
	at org.openqa.selenium.remote.RemoteWebDriver.execute(RemoteWebDriver.java:701)
	at org.openqa.selenium.remote.RemoteWebDriver.quit(RemoteWebDriver.java:526)
	at crossBrowserTesting.CrossBrowserTestingTestNG.done(CrossBrowserTestingTestNG.java:128)
	at java.util.concurrent.FutureTask.run(FutureTask.java:266)
	at java.util.concurrent.ThreadPoolExecutor.runWorker(ThreadPoolExecutor.java:1142)
	at java.util.concurrent.ThreadPoolExecutor$Worker.run(ThreadPoolExecutor.java:617)
	at java.lang.Thread.run(Thread.java:745)
... Removed 22 stack frames]]>
    </failure>
  </testcase> <!-- @AfterMethod done -->
  <testcase name="testLandingPage" time="469.917" classname="testSuite.LandingPage"/>
</testsuite> <!-- TestOnIE -->
