<?xml version="1.0" encoding="UTF-8"?>
<!-- Generated by org.testng.reporters.JUnitReportReporter -->
<testsuite name="cbt.selenium.testng.CrossBroserTesting" tests="2" time="0.013" ignored="0" failures="0" timestamp="07 Apr 2017 11:10:29 GMT" skipped="1" hostname="II5MACMINI-04.local" errors="1">
  <testcase name="setUp" time="0.000" classname="cbt.selenium.testng.CrossBroserTesting">
    <error type="org.testng.TestNGException" message="
Parameter &#039;os&#039; is required by BeforeClass on method setUp but has not been marked @Optional or defined
in /private/var/folders/_5/j4j24ypj6xg8b1yxnplyyw3w0000gr/T/testng-eclipse--1138231914/testng-customsuite.xml">
      <![CDATA[org.testng.TestNGException: 
Parameter 'os' is required by BeforeClass on method setUp but has not been marked @Optional or defined
in /private/var/folders/_5/j4j24ypj6xg8b1yxnplyyw3w0000gr/T/testng-eclipse--1138231914/testng-customsuite.xml
	at org.testng.internal.Parameters.createParameters(Parameters.java:199)
	at org.testng.internal.Parameters.createParameters(Parameters.java:443)
	at org.testng.internal.Parameters.createConfigurationParameters(Parameters.java:118)
	at org.testng.internal.Invoker.invokeConfigurations(Invoker.java:203)
	at org.testng.internal.Invoker.invokeConfigurations(Invoker.java:144)
	at org.testng.internal.TestMethodWorker.invokeBeforeClassMethods(TestMethodWorker.java:169)
	at org.testng.internal.TestMethodWorker.run(TestMethodWorker.java:108)
	at org.testng.TestRunner.privateRun(TestRunner.java:756)
	at org.testng.TestRunner.run(TestRunner.java:610)
	at org.testng.SuiteRunner.runTest(SuiteRunner.java:387)
	at org.testng.SuiteRunner.runSequentially(SuiteRunner.java:382)
	at org.testng.SuiteRunner.privateRun(SuiteRunner.java:340)
	at org.testng.SuiteRunner.run(SuiteRunner.java:289)
	at org.testng.SuiteRunnerWorker.runSuite(SuiteRunnerWorker.java:52)
	at org.testng.SuiteRunnerWorker.run(SuiteRunnerWorker.java:86)
	at org.testng.TestNG.runSuitesSequentially(TestNG.java:1293)
	at org.testng.TestNG.runSuitesLocally(TestNG.java:1218)
	at org.testng.TestNG.runSuites(TestNG.java:1133)
	at org.testng.TestNG.run(TestNG.java:1104)
	at org.testng.remote.AbstractRemoteTestNG.run(AbstractRemoteTestNG.java:132)
	at org.testng.remote.RemoteTestNG.initAndRun(RemoteTestNG.java:236)
	at org.testng.remote.RemoteTestNG.main(RemoteTestNG.java:81)
]]>
    </error>
  </testcase> <!-- setUp -->
  <testcase name="testSimple" time="0.013" classname="cbt.selenium.testng.CrossBroserTesting">
    <skipped/>
  </testcase> <!-- testSimple -->
</testsuite> <!-- cbt.selenium.testng.CrossBroserTesting -->
